Added Component: Designator=C1(RAD-0.3)
Add component (AddParameter): Name = "LatestRevisionDate"; Value = "17-Jul-2002"; VariantName = "[No Variations]"
Add component (AddParameter): Name = "LatestRevisionNote"; Value = "Re-released for DXP Platform."; VariantName = "[No Variations]"
Add component (AddParameter): Name = "PackageDescription"; Value = "Radial Cap, Thru-Hole; 2 Leads; 0.3 in Pin Spacing"; VariantName = "[No Variations]"
Add component (AddParameter): Name = "PackageReference"; Value = "RAD-0.3"; VariantName = "[No Variations]"
Add component (AddParameter): Name = "Published"; Value = "8-Jun-2000"; VariantName = "[No Variations]"
Add component (AddParameter): Name = "Publisher"; Value = "Altium Limited"; VariantName = "[No Variations]"
Add component (AddParameter): Name = "Value"; Value = "100nF"; VariantName = "[No Variations]"
Added Component: Designator=C2(RAD-0.3)
Add component (AddParameter): Name = "LatestRevisionDate"; Value = "17-Jul-2002"; VariantName = "[No Variations]"
Add component (AddParameter): Name = "LatestRevisionNote"; Value = "Re-released for DXP Platform."; VariantName = "[No Variations]"
Add component (AddParameter): Name = "PackageDescription"; Value = "Radial Cap, Thru-Hole; 2 Leads; 0.3 in Pin Spacing"; VariantName = "[No Variations]"
Add component (AddParameter): Name = "PackageReference"; Value = "RAD-0.3"; VariantName = "[No Variations]"
Add component (AddParameter): Name = "Published"; Value = "8-Jun-2000"; VariantName = "[No Variations]"
Add component (AddParameter): Name = "Publisher"; Value = "Altium Limited"; VariantName = "[No Variations]"
Add component (AddParameter): Name = "Value"; Value = "100nF"; VariantName = "[No Variations]"
Added Component: Designator=C3(RAD-0.3)
Add component (AddParameter): Name = "LatestRevisionDate"; Value = "17-Jul-2002"; VariantName = "[No Variations]"
Add component (AddParameter): Name = "LatestRevisionNote"; Value = "Re-released for DXP Platform."; VariantName = "[No Variations]"
Add component (AddParameter): Name = "PackageDescription"; Value = "Radial Cap, Thru-Hole; 2 Leads; 0.3 in Pin Spacing"; VariantName = "[No Variations]"
Add component (AddParameter): Name = "PackageReference"; Value = "RAD-0.3"; VariantName = "[No Variations]"
Add component (AddParameter): Name = "Published"; Value = "8-Jun-2000"; VariantName = "[No Variations]"
Add component (AddParameter): Name = "Publisher"; Value = "Altium Limited"; VariantName = "[No Variations]"
Add component (AddParameter): Name = "Value"; Value = "22pF"; VariantName = "[No Variations]"
Added Component: Designator=C4(RAD-0.3)
Add component (AddParameter): Name = "LatestRevisionDate"; Value = "17-Jul-2002"; VariantName = "[No Variations]"
Add component (AddParameter): Name = "LatestRevisionNote"; Value = "Re-released for DXP Platform."; VariantName = "[No Variations]"
Add component (AddParameter): Name = "PackageDescription"; Value = "Radial Cap, Thru-Hole; 2 Leads; 0.3 in Pin Spacing"; VariantName = "[No Variations]"
Add component (AddParameter): Name = "PackageReference"; Value = "RAD-0.3"; VariantName = "[No Variations]"
Add component (AddParameter): Name = "Published"; Value = "8-Jun-2000"; VariantName = "[No Variations]"
Add component (AddParameter): Name = "Publisher"; Value = "Altium Limited"; VariantName = "[No Variations]"
Add component (AddParameter): Name = "Value"; Value = "22pF"; VariantName = "[No Variations]"
Added Component: Designator=C5(RAD-0.3)
Add component (AddParameter): Name = "LatestRevisionDate"; Value = "17-Jul-2002"; VariantName = "[No Variations]"
Add component (AddParameter): Name = "LatestRevisionNote"; Value = "Re-released for DXP Platform."; VariantName = "[No Variations]"
Add component (AddParameter): Name = "PackageDescription"; Value = "Radial Cap, Thru-Hole; 2 Leads; 0.3 in Pin Spacing"; VariantName = "[No Variations]"
Add component (AddParameter): Name = "PackageReference"; Value = "RAD-0.3"; VariantName = "[No Variations]"
Add component (AddParameter): Name = "Published"; Value = "8-Jun-2000"; VariantName = "[No Variations]"
Add component (AddParameter): Name = "Publisher"; Value = "Altium Limited"; VariantName = "[No Variations]"
Add component (AddParameter): Name = "Value"; Value = "1uF"; VariantName = "[No Variations]"
Added Component: Designator=C6(RAD-0.3)
Add component (AddParameter): Name = "LatestRevisionDate"; Value = "17-Jul-2002"; VariantName = "[No Variations]"
Add component (AddParameter): Name = "LatestRevisionNote"; Value = "Re-released for DXP Platform."; VariantName = "[No Variations]"
Add component (AddParameter): Name = "PackageDescription"; Value = "Radial Cap, Thru-Hole; 2 Leads; 0.3 in Pin Spacing"; VariantName = "[No Variations]"
Add component (AddParameter): Name = "PackageReference"; Value = "RAD-0.3"; VariantName = "[No Variations]"
Add component (AddParameter): Name = "Published"; Value = "8-Jun-2000"; VariantName = "[No Variations]"
Add component (AddParameter): Name = "Publisher"; Value = "Altium Limited"; VariantName = "[No Variations]"
Add component (AddParameter): Name = "Value"; Value = "100nF"; VariantName = "[No Variations]"
Added Component: Designator=C7(RAD-0.3)
Add component (AddParameter): Name = "LatestRevisionDate"; Value = "17-Jul-2002"; VariantName = "[No Variations]"
Add component (AddParameter): Name = "LatestRevisionNote"; Value = "Re-released for DXP Platform."; VariantName = "[No Variations]"
Add component (AddParameter): Name = "PackageDescription"; Value = "Radial Cap, Thru-Hole; 2 Leads; 0.3 in Pin Spacing"; VariantName = "[No Variations]"
Add component (AddParameter): Name = "PackageReference"; Value = "RAD-0.3"; VariantName = "[No Variations]"
Add component (AddParameter): Name = "Published"; Value = "8-Jun-2000"; VariantName = "[No Variations]"
Add component (AddParameter): Name = "Publisher"; Value = "Altium Limited"; VariantName = "[No Variations]"
Add component (AddParameter): Name = "Value"; Value = "100nF"; VariantName = "[No Variations]"
Added Component: Designator=L1(0402-A)
Add component (AddParameter): Name = "Code_IEC"; Value = "1005"; VariantName = "[No Variations]"
Add component (AddParameter): Name = "Code_JEITA"; Value = "0402"; VariantName = "[No Variations]"
Add component (AddParameter): Name = "LatestRevisionDate"; Value = "29-May-2009"; VariantName = "[No Variations]"
Add component (AddParameter): Name = "LatestRevisionNote"; Value = "IPC-7351 Footprint Added."; VariantName = "[No Variations]"
Add component (AddParameter): Name = "PackageDescription"; Value = "Chip Inductor"; VariantName = "[No Variations]"
Add component (AddParameter): Name = "PackageReference"; Value = "0402-A"; VariantName = "[No Variations]"
Add component (AddParameter): Name = "Published"; Value = "8-Jun-2000"; VariantName = "[No Variations]"
Add component (AddParameter): Name = "Publisher"; Value = "Altium Limited"; VariantName = "[No Variations]"
Add component (AddParameter): Name = "Value"; Value = "10mH"; VariantName = "[No Variations]"
Added Component: Designator=LED1(Type 3mm)
Add component (AddParameter): Name = "ComponentLink1Description"; Value = "Manufacturer URL"; VariantName = "[No Variations]"
Add component (AddParameter): Name = "ComponentLink1URL"; Value = "http://www.we-online.com"; VariantName = "[No Variations]"
Add component (AddParameter): Name = "ComponentLink2Description"; Value = "Datasheet"; VariantName = "[No Variations]"
Add component (AddParameter): Name = "ComponentLink2URL"; Value = "http://katalog.we-online.de/pbs/datasheet/7448042001.pdfhttp://katalog.we-online.de/pbs/datasheet/7448042001.pdfhttp://katalog.we-online.de/pbs/datasheet/7448042001.pdfhttp://katalog.we-online.de/pbs/datasheet/151033RS03000.pdf"; VariantName = "[No Variations]"
Add component (AddParameter): Name = "Emitting color"; Value = "Red"; VariantName = "[No Variations]"
Add component (AddParameter): Name = "Manufacturer"; Value = "Wuerth Elektronik"; VariantName = "[No Variations]"
Add component (AddParameter): Name = "PackageReference"; Value = "Type 3mm"; VariantName = "[No Variations]"
Add component (AddParameter): Name = "PartNumber"; Value = "151033RS03000"; VariantName = "[No Variations]"
Added Component: Designator=LED2(Type 3mm)
Add component (AddParameter): Name = "ComponentLink1Description"; Value = "Manufacturer URL"; VariantName = "[No Variations]"
Add component (AddParameter): Name = "ComponentLink1URL"; Value = "http://www.we-online.com"; VariantName = "[No Variations]"
Add component (AddParameter): Name = "ComponentLink2Description"; Value = "Datasheet"; VariantName = "[No Variations]"
Add component (AddParameter): Name = "ComponentLink2URL"; Value = "http://katalog.we-online.de/pbs/datasheet/7448042001.pdfhttp://katalog.we-online.de/pbs/datasheet/7448042001.pdfhttp://katalog.we-online.de/pbs/datasheet/7448042001.pdfhttp://katalog.we-online.de/pbs/datasheet/151033RS03000.pdf"; VariantName = "[No Variations]"
Add component (AddParameter): Name = "Emitting color"; Value = "Red"; VariantName = "[No Variations]"
Add component (AddParameter): Name = "Manufacturer"; Value = "Wuerth Elektronik"; VariantName = "[No Variations]"
Add component (AddParameter): Name = "PackageReference"; Value = "Type 3mm"; VariantName = "[No Variations]"
Add component (AddParameter): Name = "PartNumber"; Value = "151033RS03000"; VariantName = "[No Variations]"
Added Component: Designator=LED3(Type 3mm)
Add component (AddParameter): Name = "ComponentLink1Description"; Value = "Manufacturer URL"; VariantName = "[No Variations]"
Add component (AddParameter): Name = "ComponentLink1URL"; Value = "http://www.we-online.com"; VariantName = "[No Variations]"
Add component (AddParameter): Name = "ComponentLink2Description"; Value = "Datasheet"; VariantName = "[No Variations]"
Add component (AddParameter): Name = "ComponentLink2URL"; Value = "http://katalog.we-online.de/pbs/datasheet/7448042001.pdfhttp://katalog.we-online.de/pbs/datasheet/7448042001.pdfhttp://katalog.we-online.de/pbs/datasheet/7448042001.pdfhttp://katalog.we-online.de/pbs/datasheet/151033RS03000.pdf"; VariantName = "[No Variations]"
Add component (AddParameter): Name = "Emitting color"; Value = "Red"; VariantName = "[No Variations]"
Add component (AddParameter): Name = "Manufacturer"; Value = "Wuerth Elektronik"; VariantName = "[No Variations]"
Add component (AddParameter): Name = "PackageReference"; Value = "Type 3mm"; VariantName = "[No Variations]"
Add component (AddParameter): Name = "PartNumber"; Value = "151033RS03000"; VariantName = "[No Variations]"
Added Component: Designator=LED4(Type 3mm)
Add component (AddParameter): Name = "ComponentLink1Description"; Value = "Manufacturer URL"; VariantName = "[No Variations]"
Add component (AddParameter): Name = "ComponentLink1URL"; Value = "http://www.we-online.com"; VariantName = "[No Variations]"
Add component (AddParameter): Name = "ComponentLink2Description"; Value = "Datasheet"; VariantName = "[No Variations]"
Add component (AddParameter): Name = "ComponentLink2URL"; Value = "http://katalog.we-online.de/pbs/datasheet/7448042001.pdfhttp://katalog.we-online.de/pbs/datasheet/7448042001.pdfhttp://katalog.we-online.de/pbs/datasheet/7448042001.pdfhttp://katalog.we-online.de/pbs/datasheet/151033RS03000.pdf"; VariantName = "[No Variations]"
Add component (AddParameter): Name = "Emitting color"; Value = "Red"; VariantName = "[No Variations]"
Add component (AddParameter): Name = "Manufacturer"; Value = "Wuerth Elektronik"; VariantName = "[No Variations]"
Add component (AddParameter): Name = "PackageReference"; Value = "Type 3mm"; VariantName = "[No Variations]"
Add component (AddParameter): Name = "PartNumber"; Value = "151033RS03000"; VariantName = "[No Variations]"
Added Component: Designator=LED5(Type 3mm)
Add component (AddParameter): Name = "ComponentLink1Description"; Value = "Manufacturer URL"; VariantName = "[No Variations]"
Add component (AddParameter): Name = "ComponentLink1URL"; Value = "http://www.we-online.com"; VariantName = "[No Variations]"
Add component (AddParameter): Name = "ComponentLink2Description"; Value = "Datasheet"; VariantName = "[No Variations]"
Add component (AddParameter): Name = "ComponentLink2URL"; Value = "http://katalog.we-online.de/pbs/datasheet/7448042001.pdfhttp://katalog.we-online.de/pbs/datasheet/7448042001.pdfhttp://katalog.we-online.de/pbs/datasheet/7448042001.pdfhttp://katalog.we-online.de/pbs/datasheet/151033RS03000.pdf"; VariantName = "[No Variations]"
Add component (AddParameter): Name = "Emitting color"; Value = "Red"; VariantName = "[No Variations]"
Add component (AddParameter): Name = "Manufacturer"; Value = "Wuerth Elektronik"; VariantName = "[No Variations]"
Add component (AddParameter): Name = "PackageReference"; Value = "Type 3mm"; VariantName = "[No Variations]"
Add component (AddParameter): Name = "PartNumber"; Value = "151033RS03000"; VariantName = "[No Variations]"
Added Component: Designator=LED6(Type 3mm)
Add component (AddParameter): Name = "ComponentLink1Description"; Value = "Manufacturer URL"; VariantName = "[No Variations]"
Add component (AddParameter): Name = "ComponentLink1URL"; Value = "http://www.we-online.com"; VariantName = "[No Variations]"
Add component (AddParameter): Name = "ComponentLink2Description"; Value = "Datasheet"; VariantName = "[No Variations]"
Add component (AddParameter): Name = "ComponentLink2URL"; Value = "http://katalog.we-online.de/pbs/datasheet/7448042001.pdfhttp://katalog.we-online.de/pbs/datasheet/7448042001.pdfhttp://katalog.we-online.de/pbs/datasheet/7448042001.pdfhttp://katalog.we-online.de/pbs/datasheet/151033RS03000.pdf"; VariantName = "[No Variations]"
Add component (AddParameter): Name = "Emitting color"; Value = "Red"; VariantName = "[No Variations]"
Add component (AddParameter): Name = "Manufacturer"; Value = "Wuerth Elektronik"; VariantName = "[No Variations]"
Add component (AddParameter): Name = "PackageReference"; Value = "Type 3mm"; VariantName = "[No Variations]"
Add component (AddParameter): Name = "PartNumber"; Value = "151033RS03000"; VariantName = "[No Variations]"
Added Component: Designator=LED7(Type 3mm)
Add component (AddParameter): Name = "ComponentLink1Description"; Value = "Manufacturer URL"; VariantName = "[No Variations]"
Add component (AddParameter): Name = "ComponentLink1URL"; Value = "http://www.we-online.com"; VariantName = "[No Variations]"
Add component (AddParameter): Name = "ComponentLink2Description"; Value = "Datasheet"; VariantName = "[No Variations]"
Add component (AddParameter): Name = "ComponentLink2URL"; Value = "http://katalog.we-online.de/pbs/datasheet/7448042001.pdfhttp://katalog.we-online.de/pbs/datasheet/7448042001.pdfhttp://katalog.we-online.de/pbs/datasheet/7448042001.pdfhttp://katalog.we-online.de/pbs/datasheet/151033RS03000.pdf"; VariantName = "[No Variations]"
Add component (AddParameter): Name = "Emitting color"; Value = "Red"; VariantName = "[No Variations]"
Add component (AddParameter): Name = "Manufacturer"; Value = "Wuerth Elektronik"; VariantName = "[No Variations]"
Add component (AddParameter): Name = "PackageReference"; Value = "Type 3mm"; VariantName = "[No Variations]"
Add component (AddParameter): Name = "PartNumber"; Value = "151033RS03000"; VariantName = "[No Variations]"
Added Component: Designator=P1(691322110003)
Add component (AddParameter): Name = "Datasheet URL"; Value = "http://katalog.we-online.de/em/datasheet/6913221100xx.pdf"; VariantName = "[No Variations]"
Add component (AddParameter): Name = "Gender"; Value = "Male"; VariantName = "[No Variations]"
Add component (AddParameter): Name = "Manufacturer"; Value = "Wurth Elektronik"; VariantName = "[No Variations]"
Add component (AddParameter): Name = "Manufacturer URL"; Value = "http://www.we-online.de"; VariantName = "[No Variations]"
Add component (AddParameter): Name = "Mounting Technology"; Value = "THT"; VariantName = "[No Variations]"
Add component (AddParameter): Name = "Operating Temperature"; Value = "-40to105degC"; VariantName = "[No Variations]"
Add component (AddParameter): Name = "Package Reference"; Value = "691322110003"; VariantName = "[No Variations]"
Add component (AddParameter): Name = "Packaging"; Value = "Box"; VariantName = "[No Variations]"
Add component (AddParameter): Name = "Part Number"; Value = "691322110003"; VariantName = "[No Variations]"
Add component (AddParameter): Name = "Pin Number"; Value = "3"; VariantName = "[No Variations]"
Add component (AddParameter): Name = "Pitch"; Value = "3.50mm"; VariantName = "[No Variations]"
Add component (AddParameter): Name = "Publisher"; Value = "WurthElektronik"; VariantName = "[No Variations]"
Added Component: Designator=P2(691322110003)
Add component (AddParameter): Name = "Datasheet URL"; Value = "http://katalog.we-online.de/em/datasheet/6913221100xx.pdf"; VariantName = "[No Variations]"
Add component (AddParameter): Name = "Gender"; Value = "Male"; VariantName = "[No Variations]"
Add component (AddParameter): Name = "Manufacturer"; Value = "Wurth Elektronik"; VariantName = "[No Variations]"
Add component (AddParameter): Name = "Manufacturer URL"; Value = "http://www.we-online.de"; VariantName = "[No Variations]"
Add component (AddParameter): Name = "Mounting Technology"; Value = "THT"; VariantName = "[No Variations]"
Add component (AddParameter): Name = "Operating Temperature"; Value = "-40to105degC"; VariantName = "[No Variations]"
Add component (AddParameter): Name = "Package Reference"; Value = "691322110003"; VariantName = "[No Variations]"
Add component (AddParameter): Name = "Packaging"; Value = "Box"; VariantName = "[No Variations]"
Add component (AddParameter): Name = "Part Number"; Value = "691322110003"; VariantName = "[No Variations]"
Add component (AddParameter): Name = "Pin Number"; Value = "3"; VariantName = "[No Variations]"
Add component (AddParameter): Name = "Pitch"; Value = "3.50mm"; VariantName = "[No Variations]"
Add component (AddParameter): Name = "Publisher"; Value = "WurthElektronik"; VariantName = "[No Variations]"
Added Component: Designator=P3(691321100005)
Add component (AddParameter): Name = "Datasheet URL"; Value = "http://katalog.we-online.de/em/datasheet/6913211000xx.pdf"; VariantName = "[No Variations]"
Add component (AddParameter): Name = "Gender"; Value = "Male"; VariantName = "[No Variations]"
Add component (AddParameter): Name = "Manufacturer"; Value = "Wurth Elektronik"; VariantName = "[No Variations]"
Add component (AddParameter): Name = "Manufacturer URL"; Value = "http://www.we-online.de"; VariantName = "[No Variations]"
Add component (AddParameter): Name = "Mounting Technology"; Value = "THT"; VariantName = "[No Variations]"
Add component (AddParameter): Name = "Operating Temperature"; Value = "-40to105degC"; VariantName = "[No Variations]"
Add component (AddParameter): Name = "Package Reference"; Value = "691321100005"; VariantName = "[No Variations]"
Add component (AddParameter): Name = "Packaging"; Value = "Box"; VariantName = "[No Variations]"
Add component (AddParameter): Name = "Part Number"; Value = "691321100005"; VariantName = "[No Variations]"
Add component (AddParameter): Name = "Pin Number"; Value = "5"; VariantName = "[No Variations]"
Add component (AddParameter): Name = "Pitch"; Value = "3.50mm"; VariantName = "[No Variations]"
Add component (AddParameter): Name = "Publisher"; Value = "WurthElektronik"; VariantName = "[No Variations]"
Added Component: Designator=P4(691322110003)
Add component (AddParameter): Name = "Datasheet URL"; Value = "http://katalog.we-online.de/em/datasheet/6913221100xx.pdf"; VariantName = "[No Variations]"
Add component (AddParameter): Name = "Gender"; Value = "Male"; VariantName = "[No Variations]"
Add component (AddParameter): Name = "Manufacturer"; Value = "Wurth Elektronik"; VariantName = "[No Variations]"
Add component (AddParameter): Name = "Manufacturer URL"; Value = "http://www.we-online.de"; VariantName = "[No Variations]"
Add component (AddParameter): Name = "Mounting Technology"; Value = "THT"; VariantName = "[No Variations]"
Add component (AddParameter): Name = "Operating Temperature"; Value = "-40to105degC"; VariantName = "[No Variations]"
Add component (AddParameter): Name = "Package Reference"; Value = "691322110003"; VariantName = "[No Variations]"
Add component (AddParameter): Name = "Packaging"; Value = "Box"; VariantName = "[No Variations]"
Add component (AddParameter): Name = "Part Number"; Value = "691322110003"; VariantName = "[No Variations]"
Add component (AddParameter): Name = "Pin Number"; Value = "3"; VariantName = "[No Variations]"
Add component (AddParameter): Name = "Pitch"; Value = "3.50mm"; VariantName = "[No Variations]"
Add component (AddParameter): Name = "Publisher"; Value = "WurthElektronik"; VariantName = "[No Variations]"
Added Component: Designator=P5(691322110003)
Add component (AddParameter): Name = "Datasheet URL"; Value = "http://katalog.we-online.de/em/datasheet/6913221100xx.pdf"; VariantName = "[No Variations]"
Add component (AddParameter): Name = "Gender"; Value = "Male"; VariantName = "[No Variations]"
Add component (AddParameter): Name = "Manufacturer"; Value = "Wurth Elektronik"; VariantName = "[No Variations]"
Add component (AddParameter): Name = "Manufacturer URL"; Value = "http://www.we-online.de"; VariantName = "[No Variations]"
Add component (AddParameter): Name = "Mounting Technology"; Value = "THT"; VariantName = "[No Variations]"
Add component (AddParameter): Name = "Operating Temperature"; Value = "-40to105degC"; VariantName = "[No Variations]"
Add component (AddParameter): Name = "Package Reference"; Value = "691322110003"; VariantName = "[No Variations]"
Add component (AddParameter): Name = "Packaging"; Value = "Box"; VariantName = "[No Variations]"
Add component (AddParameter): Name = "Part Number"; Value = "691322110003"; VariantName = "[No Variations]"
Add component (AddParameter): Name = "Pin Number"; Value = "3"; VariantName = "[No Variations]"
Add component (AddParameter): Name = "Pitch"; Value = "3.50mm"; VariantName = "[No Variations]"
Add component (AddParameter): Name = "Publisher"; Value = "WurthElektronik"; VariantName = "[No Variations]"
Added Component: Designator=P6(691321100007)
Add component (AddParameter): Name = "Datasheet URL"; Value = "http://katalog.we-online.de/em/datasheet/6913211000xx.pdf"; VariantName = "[No Variations]"
Add component (AddParameter): Name = "Gender"; Value = "Male"; VariantName = "[No Variations]"
Add component (AddParameter): Name = "Manufacturer"; Value = "Wurth Elektronik"; VariantName = "[No Variations]"
Add component (AddParameter): Name = "Manufacturer URL"; Value = "http://www.we-online.de"; VariantName = "[No Variations]"
Add component (AddParameter): Name = "Mounting Technology"; Value = "THT"; VariantName = "[No Variations]"
Add component (AddParameter): Name = "Operating Temperature"; Value = "-40to105degC"; VariantName = "[No Variations]"
Add component (AddParameter): Name = "Package Reference"; Value = "691321100007"; VariantName = "[No Variations]"
Add component (AddParameter): Name = "Packaging"; Value = "Box"; VariantName = "[No Variations]"
Add component (AddParameter): Name = "Part Number"; Value = "691321100007"; VariantName = "[No Variations]"
Add component (AddParameter): Name = "Pin Number"; Value = "7"; VariantName = "[No Variations]"
Add component (AddParameter): Name = "Pitch"; Value = "3.50mm"; VariantName = "[No Variations]"
Add component (AddParameter): Name = "Publisher"; Value = "WurthElektronik"; VariantName = "[No Variations]"
Added Component: Designator=P7(691322110004)
Add component (AddParameter): Name = "Datasheet URL"; Value = "http://katalog.we-online.de/em/datasheet/6913221100xx.pdf"; VariantName = "[No Variations]"
Add component (AddParameter): Name = "Gender"; Value = "Male"; VariantName = "[No Variations]"
Add component (AddParameter): Name = "Manufacturer"; Value = "Wurth Elektronik"; VariantName = "[No Variations]"
Add component (AddParameter): Name = "Manufacturer URL"; Value = "http://www.we-online.de"; VariantName = "[No Variations]"
Add component (AddParameter): Name = "Mounting Technology"; Value = "THT"; VariantName = "[No Variations]"
Add component (AddParameter): Name = "Operating Temperature"; Value = "-40to105degC"; VariantName = "[No Variations]"
Add component (AddParameter): Name = "Package Reference"; Value = "691322110004"; VariantName = "[No Variations]"
Add component (AddParameter): Name = "Packaging"; Value = "Box"; VariantName = "[No Variations]"
Add component (AddParameter): Name = "Part Number"; Value = "691322110004"; VariantName = "[No Variations]"
Add component (AddParameter): Name = "Pin Number"; Value = "4"; VariantName = "[No Variations]"
Add component (AddParameter): Name = "Pitch"; Value = "3.50mm"; VariantName = "[No Variations]"
Add component (AddParameter): Name = "Publisher"; Value = "WurthElektronik"; VariantName = "[No Variations]"
Added Component: Designator=P8(691321100002)
Add component (AddParameter): Name = "Datasheet URL"; Value = "http://katalog.we-online.de/em/datasheet/6913211000xx.pdf"; VariantName = "[No Variations]"
Add component (AddParameter): Name = "Gender"; Value = "Male"; VariantName = "[No Variations]"
Add component (AddParameter): Name = "Manufacturer"; Value = "Wurth Elektronik"; VariantName = "[No Variations]"
Add component (AddParameter): Name = "Manufacturer URL"; Value = "http://www.we-online.de"; VariantName = "[No Variations]"
Add component (AddParameter): Name = "Mounting Technology"; Value = "THT"; VariantName = "[No Variations]"
Add component (AddParameter): Name = "Operating Temperature"; Value = "-40to105degC"; VariantName = "[No Variations]"
Add component (AddParameter): Name = "Package Reference"; Value = "691321100002"; VariantName = "[No Variations]"
Add component (AddParameter): Name = "Packaging"; Value = "Box"; VariantName = "[No Variations]"
Add component (AddParameter): Name = "Part Number"; Value = "691321100002"; VariantName = "[No Variations]"
Add component (AddParameter): Name = "Pin Number"; Value = "2"; VariantName = "[No Variations]"
Add component (AddParameter): Name = "Pitch"; Value = "3.50mm"; VariantName = "[No Variations]"
Add component (AddParameter): Name = "Publisher"; Value = "WurthElektronik"; VariantName = "[No Variations]"
Added Component: Designator=P9(691321100002)
Add component (AddParameter): Name = "Datasheet URL"; Value = "http://katalog.we-online.de/em/datasheet/6913211000xx.pdf"; VariantName = "[No Variations]"
Add component (AddParameter): Name = "Gender"; Value = "Male"; VariantName = "[No Variations]"
Add component (AddParameter): Name = "Manufacturer"; Value = "Wurth Elektronik"; VariantName = "[No Variations]"
Add component (AddParameter): Name = "Manufacturer URL"; Value = "http://www.we-online.de"; VariantName = "[No Variations]"
Add component (AddParameter): Name = "Mounting Technology"; Value = "THT"; VariantName = "[No Variations]"
Add component (AddParameter): Name = "Operating Temperature"; Value = "-40to105degC"; VariantName = "[No Variations]"
Add component (AddParameter): Name = "Package Reference"; Value = "691321100002"; VariantName = "[No Variations]"
Add component (AddParameter): Name = "Packaging"; Value = "Box"; VariantName = "[No Variations]"
Add component (AddParameter): Name = "Part Number"; Value = "691321100002"; VariantName = "[No Variations]"
Add component (AddParameter): Name = "Pin Number"; Value = "2"; VariantName = "[No Variations]"
Add component (AddParameter): Name = "Pitch"; Value = "3.50mm"; VariantName = "[No Variations]"
Add component (AddParameter): Name = "Publisher"; Value = "WurthElektronik"; VariantName = "[No Variations]"
Added Component: Designator=P10(691322110008)
Add component (AddParameter): Name = "Datasheet URL"; Value = "http://katalog.we-online.de/em/datasheet/6913221100xx.pdf"; VariantName = "[No Variations]"
Add component (AddParameter): Name = "Gender"; Value = "Male"; VariantName = "[No Variations]"
Add component (AddParameter): Name = "Manufacturer"; Value = "Wurth Elektronik"; VariantName = "[No Variations]"
Add component (AddParameter): Name = "Manufacturer URL"; Value = "http://www.we-online.de"; VariantName = "[No Variations]"
Add component (AddParameter): Name = "Mounting Technology"; Value = "THT"; VariantName = "[No Variations]"
Add component (AddParameter): Name = "Operating Temperature"; Value = "-40to105degC"; VariantName = "[No Variations]"
Add component (AddParameter): Name = "Package Reference"; Value = "691322110008"; VariantName = "[No Variations]"
Add component (AddParameter): Name = "Packaging"; Value = "Box"; VariantName = "[No Variations]"
Add component (AddParameter): Name = "Part Number"; Value = "691322110008"; VariantName = "[No Variations]"
Add component (AddParameter): Name = "Pin Number"; Value = "8"; VariantName = "[No Variations]"
Add component (AddParameter): Name = "Pitch"; Value = "3.50mm"; VariantName = "[No Variations]"
Add component (AddParameter): Name = "Publisher"; Value = "WurthElektronik"; VariantName = "[No Variations]"
Added Component: Designator=Q1(ONSC-TO-92-3-29-11)
Add component (AddParameter): Name = "ComponentLink1Description"; Value = "Manufacturer URL"; VariantName = "[No Variations]"
Add component (AddParameter): Name = "ComponentLink1URL"; Value = "http://www.onsemi.com/"; VariantName = "[No Variations]"
Add component (AddParameter): Name = "ComponentLink2Description"; Value = "Datasheet"; VariantName = "[No Variations]"
Add component (AddParameter): Name = "ComponentLink2URL"; Value = "http://www.onsemi.com/pub_link/Collateral/P2N2222A-D.PDF"; VariantName = "[No Variations]"
Add component (AddParameter): Name = "ComponentLink3Description"; Value = "Package Specification"; VariantName = "[No Variations]"
Add component (AddParameter): Name = "ComponentLink3URL"; Value = "http://www.onsemi.cn/pub_link/Collateral/2N6426-D.PDF"; VariantName = "[No Variations]"
Add component (AddParameter): Name = "DatasheetVersion"; Value = "Rev. 7"; VariantName = "[No Variations]"
Add component (AddParameter): Name = "fT Min (MHz)"; Value = "300"; VariantName = "[No Variations]"
Add component (AddParameter): Name = "IC Continuous (A)"; Value = "0.6"; VariantName = "[No Variations]"
Add component (AddParameter): Name = "Manufacturer"; Value = "On Semiconductor"; VariantName = "[No Variations]"
Add component (AddParameter): Name = "Mounting Technology"; Value = "Through Hole"; VariantName = "[No Variations]"
Add component (AddParameter): Name = "PackageDescription"; Value = "3-Pin Transistor Outline, Body 4.825 x 3.685 mm, Pitch 1.27 mm"; VariantName = "[No Variations]"
Add component (AddParameter): Name = "PackageReference"; Value = "TO-92-3-29-11_AM_SL"; VariantName = "[No Variations]"
Add component (AddParameter): Name = "PackageVersion"; Value = "Rev. AM"; VariantName = "[No Variations]"
Add component (AddParameter): Name = "Packing"; Value = "Bulk Box"; VariantName = "[No Variations]"
Add component (AddParameter): Name = "PartNumber"; Value = "P2N2222AG"; VariantName = "[No Variations]"
Add component (AddParameter): Name = "Polarity"; Value = "NPN"; VariantName = "[No Variations]"
Add component (AddParameter): Name = "RoHS"; Value = "TRUE"; VariantName = "[No Variations]"
Added Component: Designator=Q2(ONSC-TO-92-3-29-11)
Add component (AddParameter): Name = "ComponentLink1Description"; Value = "Manufacturer URL"; VariantName = "[No Variations]"
Add component (AddParameter): Name = "ComponentLink1URL"; Value = "http://www.onsemi.com/"; VariantName = "[No Variations]"
Add component (AddParameter): Name = "ComponentLink2Description"; Value = "Datasheet"; VariantName = "[No Variations]"
Add component (AddParameter): Name = "ComponentLink2URL"; Value = "http://www.onsemi.com/pub_link/Collateral/P2N2222A-D.PDF"; VariantName = "[No Variations]"
Add component (AddParameter): Name = "ComponentLink3Description"; Value = "Package Specification"; VariantName = "[No Variations]"
Add component (AddParameter): Name = "ComponentLink3URL"; Value = "http://www.onsemi.cn/pub_link/Collateral/2N6426-D.PDF"; VariantName = "[No Variations]"
Add component (AddParameter): Name = "DatasheetVersion"; Value = "Rev. 7"; VariantName = "[No Variations]"
Add component (AddParameter): Name = "fT Min (MHz)"; Value = "300"; VariantName = "[No Variations]"
Add component (AddParameter): Name = "IC Continuous (A)"; Value = "0.6"; VariantName = "[No Variations]"
Add component (AddParameter): Name = "Manufacturer"; Value = "On Semiconductor"; VariantName = "[No Variations]"
Add component (AddParameter): Name = "Mounting Technology"; Value = "Through Hole"; VariantName = "[No Variations]"
Add component (AddParameter): Name = "PackageDescription"; Value = "3-Pin Transistor Outline, Body 4.825 x 3.685 mm, Pitch 1.27 mm"; VariantName = "[No Variations]"
Add component (AddParameter): Name = "PackageReference"; Value = "TO-92-3-29-11_AM_SL"; VariantName = "[No Variations]"
Add component (AddParameter): Name = "PackageVersion"; Value = "Rev. AM"; VariantName = "[No Variations]"
Add component (AddParameter): Name = "Packing"; Value = "Bulk Box"; VariantName = "[No Variations]"
Add component (AddParameter): Name = "PartNumber"; Value = "P2N2222AG"; VariantName = "[No Variations]"
Add component (AddParameter): Name = "Polarity"; Value = "NPN"; VariantName = "[No Variations]"
Add component (AddParameter): Name = "RoHS"; Value = "TRUE"; VariantName = "[No Variations]"
Added Component: Designator=Q3(ONSC-TO-92-3-29-11)
Add component (AddParameter): Name = "ComponentLink1Description"; Value = "Manufacturer URL"; VariantName = "[No Variations]"
Add component (AddParameter): Name = "ComponentLink1URL"; Value = "http://www.onsemi.com/"; VariantName = "[No Variations]"
Add component (AddParameter): Name = "ComponentLink2Description"; Value = "Datasheet"; VariantName = "[No Variations]"
Add component (AddParameter): Name = "ComponentLink2URL"; Value = "http://www.onsemi.com/pub_link/Collateral/P2N2222A-D.PDF"; VariantName = "[No Variations]"
Add component (AddParameter): Name = "ComponentLink3Description"; Value = "Package Specification"; VariantName = "[No Variations]"
Add component (AddParameter): Name = "ComponentLink3URL"; Value = "http://www.onsemi.cn/pub_link/Collateral/2N6426-D.PDF"; VariantName = "[No Variations]"
Add component (AddParameter): Name = "DatasheetVersion"; Value = "Rev. 7"; VariantName = "[No Variations]"
Add component (AddParameter): Name = "fT Min (MHz)"; Value = "300"; VariantName = "[No Variations]"
Add component (AddParameter): Name = "IC Continuous (A)"; Value = "0.6"; VariantName = "[No Variations]"
Add component (AddParameter): Name = "Manufacturer"; Value = "On Semiconductor"; VariantName = "[No Variations]"
Add component (AddParameter): Name = "Mounting Technology"; Value = "Through Hole"; VariantName = "[No Variations]"
Add component (AddParameter): Name = "PackageDescription"; Value = "3-Pin Transistor Outline, Body 4.825 x 3.685 mm, Pitch 1.27 mm"; VariantName = "[No Variations]"
Add component (AddParameter): Name = "PackageReference"; Value = "TO-92-3-29-11_AM_SL"; VariantName = "[No Variations]"
Add component (AddParameter): Name = "PackageVersion"; Value = "Rev. AM"; VariantName = "[No Variations]"
Add component (AddParameter): Name = "Packing"; Value = "Bulk Box"; VariantName = "[No Variations]"
Add component (AddParameter): Name = "PartNumber"; Value = "P2N2222AG"; VariantName = "[No Variations]"
Add component (AddParameter): Name = "Polarity"; Value = "NPN"; VariantName = "[No Variations]"
Add component (AddParameter): Name = "RoHS"; Value = "TRUE"; VariantName = "[No Variations]"
Added Component: Designator=Q4(ONSC-TO-92-3-29-11)
Add component (AddParameter): Name = "ComponentLink1Description"; Value = "Manufacturer URL"; VariantName = "[No Variations]"
Add component (AddParameter): Name = "ComponentLink1URL"; Value = "http://www.onsemi.com/"; VariantName = "[No Variations]"
Add component (AddParameter): Name = "ComponentLink2Description"; Value = "Datasheet"; VariantName = "[No Variations]"
Add component (AddParameter): Name = "ComponentLink2URL"; Value = "http://www.onsemi.com/pub_link/Collateral/P2N2222A-D.PDF"; VariantName = "[No Variations]"
Add component (AddParameter): Name = "ComponentLink3Description"; Value = "Package Specification"; VariantName = "[No Variations]"
Add component (AddParameter): Name = "ComponentLink3URL"; Value = "http://www.onsemi.cn/pub_link/Collateral/2N6426-D.PDF"; VariantName = "[No Variations]"
Add component (AddParameter): Name = "DatasheetVersion"; Value = "Rev. 7"; VariantName = "[No Variations]"
Add component (AddParameter): Name = "fT Min (MHz)"; Value = "300"; VariantName = "[No Variations]"
Add component (AddParameter): Name = "IC Continuous (A)"; Value = "0.6"; VariantName = "[No Variations]"
Add component (AddParameter): Name = "Manufacturer"; Value = "On Semiconductor"; VariantName = "[No Variations]"
Add component (AddParameter): Name = "Mounting Technology"; Value = "Through Hole"; VariantName = "[No Variations]"
Add component (AddParameter): Name = "PackageDescription"; Value = "3-Pin Transistor Outline, Body 4.825 x 3.685 mm, Pitch 1.27 mm"; VariantName = "[No Variations]"
Add component (AddParameter): Name = "PackageReference"; Value = "TO-92-3-29-11_AM_SL"; VariantName = "[No Variations]"
Add component (AddParameter): Name = "PackageVersion"; Value = "Rev. AM"; VariantName = "[No Variations]"
Add component (AddParameter): Name = "Packing"; Value = "Bulk Box"; VariantName = "[No Variations]"
Add component (AddParameter): Name = "PartNumber"; Value = "P2N2222AG"; VariantName = "[No Variations]"
Add component (AddParameter): Name = "Polarity"; Value = "NPN"; VariantName = "[No Variations]"
Add component (AddParameter): Name = "RoHS"; Value = "TRUE"; VariantName = "[No Variations]"
Added Component: Designator=Q5(ONSC-TO-92-3-29-11)
Add component (AddParameter): Name = "ComponentLink1Description"; Value = "Manufacturer URL"; VariantName = "[No Variations]"
Add component (AddParameter): Name = "ComponentLink1URL"; Value = "http://www.onsemi.com/"; VariantName = "[No Variations]"
Add component (AddParameter): Name = "ComponentLink2Description"; Value = "Datasheet"; VariantName = "[No Variations]"
Add component (AddParameter): Name = "ComponentLink2URL"; Value = "http://www.onsemi.com/pub_link/Collateral/P2N2222A-D.PDF"; VariantName = "[No Variations]"
Add component (AddParameter): Name = "ComponentLink3Description"; Value = "Package Specification"; VariantName = "[No Variations]"
Add component (AddParameter): Name = "ComponentLink3URL"; Value = "http://www.onsemi.cn/pub_link/Collateral/2N6426-D.PDF"; VariantName = "[No Variations]"
Add component (AddParameter): Name = "DatasheetVersion"; Value = "Rev. 7"; VariantName = "[No Variations]"
Add component (AddParameter): Name = "fT Min (MHz)"; Value = "300"; VariantName = "[No Variations]"
Add component (AddParameter): Name = "IC Continuous (A)"; Value = "0.6"; VariantName = "[No Variations]"
Add component (AddParameter): Name = "Manufacturer"; Value = "On Semiconductor"; VariantName = "[No Variations]"
Add component (AddParameter): Name = "Mounting Technology"; Value = "Through Hole"; VariantName = "[No Variations]"
Add component (AddParameter): Name = "PackageDescription"; Value = "3-Pin Transistor Outline, Body 4.825 x 3.685 mm, Pitch 1.27 mm"; VariantName = "[No Variations]"
Add component (AddParameter): Name = "PackageReference"; Value = "TO-92-3-29-11_AM_SL"; VariantName = "[No Variations]"
Add component (AddParameter): Name = "PackageVersion"; Value = "Rev. AM"; VariantName = "[No Variations]"
Add component (AddParameter): Name = "Packing"; Value = "Bulk Box"; VariantName = "[No Variations]"
Add component (AddParameter): Name = "PartNumber"; Value = "P2N2222AG"; VariantName = "[No Variations]"
Add component (AddParameter): Name = "Polarity"; Value = "NPN"; VariantName = "[No Variations]"
Add component (AddParameter): Name = "RoHS"; Value = "TRUE"; VariantName = "[No Variations]"
Added Component: Designator=Q6(ONSC-TO-92-3-29-11)
Add component (AddParameter): Name = "ComponentLink1Description"; Value = "Manufacturer URL"; VariantName = "[No Variations]"
Add component (AddParameter): Name = "ComponentLink1URL"; Value = "http://www.onsemi.com/"; VariantName = "[No Variations]"
Add component (AddParameter): Name = "ComponentLink2Description"; Value = "Datasheet"; VariantName = "[No Variations]"
Add component (AddParameter): Name = "ComponentLink2URL"; Value = "http://www.onsemi.com/pub_link/Collateral/P2N2222A-D.PDF"; VariantName = "[No Variations]"
Add component (AddParameter): Name = "ComponentLink3Description"; Value = "Package Specification"; VariantName = "[No Variations]"
Add component (AddParameter): Name = "ComponentLink3URL"; Value = "http://www.onsemi.cn/pub_link/Collateral/2N6426-D.PDF"; VariantName = "[No Variations]"
Add component (AddParameter): Name = "DatasheetVersion"; Value = "Rev. 7"; VariantName = "[No Variations]"
Add component (AddParameter): Name = "fT Min (MHz)"; Value = "300"; VariantName = "[No Variations]"
Add component (AddParameter): Name = "IC Continuous (A)"; Value = "0.6"; VariantName = "[No Variations]"
Add component (AddParameter): Name = "Manufacturer"; Value = "On Semiconductor"; VariantName = "[No Variations]"
Add component (AddParameter): Name = "Mounting Technology"; Value = "Through Hole"; VariantName = "[No Variations]"
Add component (AddParameter): Name = "PackageDescription"; Value = "3-Pin Transistor Outline, Body 4.825 x 3.685 mm, Pitch 1.27 mm"; VariantName = "[No Variations]"
Add component (AddParameter): Name = "PackageReference"; Value = "TO-92-3-29-11_AM_SL"; VariantName = "[No Variations]"
Add component (AddParameter): Name = "PackageVersion"; Value = "Rev. AM"; VariantName = "[No Variations]"
Add component (AddParameter): Name = "Packing"; Value = "Bulk Box"; VariantName = "[No Variations]"
Add component (AddParameter): Name = "PartNumber"; Value = "P2N2222AG"; VariantName = "[No Variations]"
Add component (AddParameter): Name = "Polarity"; Value = "NPN"; VariantName = "[No Variations]"
Add component (AddParameter): Name = "RoHS"; Value = "TRUE"; VariantName = "[No Variations]"
Added Component: Designator=Q7(ONSC-TO-92-3-29-11)
Add component (AddParameter): Name = "ComponentLink1Description"; Value = "Manufacturer URL"; VariantName = "[No Variations]"
Add component (AddParameter): Name = "ComponentLink1URL"; Value = "http://www.onsemi.com/"; VariantName = "[No Variations]"
Add component (AddParameter): Name = "ComponentLink2Description"; Value = "Datasheet"; VariantName = "[No Variations]"
Add component (AddParameter): Name = "ComponentLink2URL"; Value = "http://www.onsemi.com/pub_link/Collateral/P2N2222A-D.PDF"; VariantName = "[No Variations]"
Add component (AddParameter): Name = "ComponentLink3Description"; Value = "Package Specification"; VariantName = "[No Variations]"
Add component (AddParameter): Name = "ComponentLink3URL"; Value = "http://www.onsemi.cn/pub_link/Collateral/2N6426-D.PDF"; VariantName = "[No Variations]"
Add component (AddParameter): Name = "DatasheetVersion"; Value = "Rev. 7"; VariantName = "[No Variations]"
Add component (AddParameter): Name = "fT Min (MHz)"; Value = "300"; VariantName = "[No Variations]"
Add component (AddParameter): Name = "IC Continuous (A)"; Value = "0.6"; VariantName = "[No Variations]"
Add component (AddParameter): Name = "Manufacturer"; Value = "On Semiconductor"; VariantName = "[No Variations]"
Add component (AddParameter): Name = "Mounting Technology"; Value = "Through Hole"; VariantName = "[No Variations]"
Add component (AddParameter): Name = "PackageDescription"; Value = "3-Pin Transistor Outline, Body 4.825 x 3.685 mm, Pitch 1.27 mm"; VariantName = "[No Variations]"
Add component (AddParameter): Name = "PackageReference"; Value = "TO-92-3-29-11_AM_SL"; VariantName = "[No Variations]"
Add component (AddParameter): Name = "PackageVersion"; Value = "Rev. AM"; VariantName = "[No Variations]"
Add component (AddParameter): Name = "Packing"; Value = "Bulk Box"; VariantName = "[No Variations]"
Add component (AddParameter): Name = "PartNumber"; Value = "P2N2222AG"; VariantName = "[No Variations]"
Add component (AddParameter): Name = "Polarity"; Value = "NPN"; VariantName = "[No Variations]"
Add component (AddParameter): Name = "RoHS"; Value = "TRUE"; VariantName = "[No Variations]"
Added Component: Designator=R1(AXIAL-0.3)
Add component (AddParameter): Name = "LatestRevisionDate"; Value = "17-Jul-2002"; VariantName = "[No Variations]"
Add component (AddParameter): Name = "LatestRevisionNote"; Value = "Re-released for DXP Platform."; VariantName = "[No Variations]"
Add component (AddParameter): Name = "PackageDescription"; Value = "Axial Device, Thru-Hole; 2 Leads; 0.3 in Pin Spacing"; VariantName = "[No Variations]"
Add component (AddParameter): Name = "PackageReference"; Value = "AXIAL-0.3"; VariantName = "[No Variations]"
Add component (AddParameter): Name = "Published"; Value = "8-Jun-2000"; VariantName = "[No Variations]"
Add component (AddParameter): Name = "Publisher"; Value = "Altium Limited"; VariantName = "[No Variations]"
Add component (AddParameter): Name = "Value"; Value = "10K"; VariantName = "[No Variations]"
Added Component: Designator=R2(AXIAL-0.3)
Add component (AddParameter): Name = "LatestRevisionDate"; Value = "17-Jul-2002"; VariantName = "[No Variations]"
Add component (AddParameter): Name = "LatestRevisionNote"; Value = "Re-released for DXP Platform."; VariantName = "[No Variations]"
Add component (AddParameter): Name = "PackageDescription"; Value = "Axial Device, Thru-Hole; 2 Leads; 0.3 in Pin Spacing"; VariantName = "[No Variations]"
Add component (AddParameter): Name = "PackageReference"; Value = "AXIAL-0.3"; VariantName = "[No Variations]"
Add component (AddParameter): Name = "Published"; Value = "8-Jun-2000"; VariantName = "[No Variations]"
Add component (AddParameter): Name = "Publisher"; Value = "Altium Limited"; VariantName = "[No Variations]"
Add component (AddParameter): Name = "Value"; Value = "10k"; VariantName = "[No Variations]"
Added Component: Designator=R3(AXIAL-0.3)
Add component (AddParameter): Name = "LatestRevisionDate"; Value = "17-Jul-2002"; VariantName = "[No Variations]"
Add component (AddParameter): Name = "LatestRevisionNote"; Value = "Re-released for DXP Platform."; VariantName = "[No Variations]"
Add component (AddParameter): Name = "PackageDescription"; Value = "Axial Device, Thru-Hole; 2 Leads; 0.3 in Pin Spacing"; VariantName = "[No Variations]"
Add component (AddParameter): Name = "PackageReference"; Value = "AXIAL-0.3"; VariantName = "[No Variations]"
Add component (AddParameter): Name = "Published"; Value = "8-Jun-2000"; VariantName = "[No Variations]"
Add component (AddParameter): Name = "Publisher"; Value = "Altium Limited"; VariantName = "[No Variations]"
Add component (AddParameter): Name = "Value"; Value = "10k"; VariantName = "[No Variations]"
Added Component: Designator=R4(AXIAL-0.3)
Add component (AddParameter): Name = "LatestRevisionDate"; Value = "17-Jul-2002"; VariantName = "[No Variations]"
Add component (AddParameter): Name = "LatestRevisionNote"; Value = "Re-released for DXP Platform."; VariantName = "[No Variations]"
Add component (AddParameter): Name = "PackageDescription"; Value = "Axial Device, Thru-Hole; 2 Leads; 0.3 in Pin Spacing"; VariantName = "[No Variations]"
Add component (AddParameter): Name = "PackageReference"; Value = "AXIAL-0.3"; VariantName = "[No Variations]"
Add component (AddParameter): Name = "Published"; Value = "8-Jun-2000"; VariantName = "[No Variations]"
Add component (AddParameter): Name = "Publisher"; Value = "Altium Limited"; VariantName = "[No Variations]"
Add component (AddParameter): Name = "Value"; Value = "10k"; VariantName = "[No Variations]"
Added Component: Designator=R5(AXIAL-0.3)
Add component (AddParameter): Name = "LatestRevisionDate"; Value = "17-Jul-2002"; VariantName = "[No Variations]"
Add component (AddParameter): Name = "LatestRevisionNote"; Value = "Re-released for DXP Platform."; VariantName = "[No Variations]"
Add component (AddParameter): Name = "PackageDescription"; Value = "Axial Device, Thru-Hole; 2 Leads; 0.3 in Pin Spacing"; VariantName = "[No Variations]"
Add component (AddParameter): Name = "PackageReference"; Value = "AXIAL-0.3"; VariantName = "[No Variations]"
Add component (AddParameter): Name = "Published"; Value = "8-Jun-2000"; VariantName = "[No Variations]"
Add component (AddParameter): Name = "Publisher"; Value = "Altium Limited"; VariantName = "[No Variations]"
Add component (AddParameter): Name = "Value"; Value = "10k"; VariantName = "[No Variations]"
Added Component: Designator=R6(J1-0603)
Add component (AddParameter): Name = "LatestRevisionDate"; Value = "29-May-2009"; VariantName = "[No Variations]"
Add component (AddParameter): Name = "LatestRevisionNote"; Value = "IPC-7351 Footprint Added."; VariantName = "[No Variations]"
Add component (AddParameter): Name = "PackageDescription"; Value = "Chip Resistor"; VariantName = "[No Variations]"
Add component (AddParameter): Name = "PackageReference"; Value = "J1-0603"; VariantName = "[No Variations]"
Add component (AddParameter): Name = "Published"; Value = "8-Jun-2000"; VariantName = "[No Variations]"
Add component (AddParameter): Name = "Publisher"; Value = "Altium Limited"; VariantName = "[No Variations]"
Add component (AddParameter): Name = "Value"; Value = "330"; VariantName = "[No Variations]"
Added Component: Designator=R7(J1-0603)
Add component (AddParameter): Name = "LatestRevisionDate"; Value = "29-May-2009"; VariantName = "[No Variations]"
Add component (AddParameter): Name = "LatestRevisionNote"; Value = "IPC-7351 Footprint Added."; VariantName = "[No Variations]"
Add component (AddParameter): Name = "PackageDescription"; Value = "Chip Resistor"; VariantName = "[No Variations]"
Add component (AddParameter): Name = "PackageReference"; Value = "J1-0603"; VariantName = "[No Variations]"
Add component (AddParameter): Name = "Published"; Value = "8-Jun-2000"; VariantName = "[No Variations]"
Add component (AddParameter): Name = "Publisher"; Value = "Altium Limited"; VariantName = "[No Variations]"
Add component (AddParameter): Name = "Value"; Value = "330"; VariantName = "[No Variations]"
Added Component: Designator=R8(J1-0603)
Add component (AddParameter): Name = "LatestRevisionDate"; Value = "29-May-2009"; VariantName = "[No Variations]"
Add component (AddParameter): Name = "LatestRevisionNote"; Value = "IPC-7351 Footprint Added."; VariantName = "[No Variations]"
Add component (AddParameter): Name = "PackageDescription"; Value = "Chip Resistor"; VariantName = "[No Variations]"
Add component (AddParameter): Name = "PackageReference"; Value = "J1-0603"; VariantName = "[No Variations]"
Add component (AddParameter): Name = "Published"; Value = "8-Jun-2000"; VariantName = "[No Variations]"
Add component (AddParameter): Name = "Publisher"; Value = "Altium Limited"; VariantName = "[No Variations]"
Add component (AddParameter): Name = "Value"; Value = "330"; VariantName = "[No Variations]"
Added Component: Designator=R9(J1-0603)
Add component (AddParameter): Name = "LatestRevisionDate"; Value = "29-May-2009"; VariantName = "[No Variations]"
Add component (AddParameter): Name = "LatestRevisionNote"; Value = "IPC-7351 Footprint Added."; VariantName = "[No Variations]"
Add component (AddParameter): Name = "PackageDescription"; Value = "Chip Resistor"; VariantName = "[No Variations]"
Add component (AddParameter): Name = "PackageReference"; Value = "J1-0603"; VariantName = "[No Variations]"
Add component (AddParameter): Name = "Published"; Value = "8-Jun-2000"; VariantName = "[No Variations]"
Add component (AddParameter): Name = "Publisher"; Value = "Altium Limited"; VariantName = "[No Variations]"
Add component (AddParameter): Name = "Value"; Value = "330"; VariantName = "[No Variations]"
Added Component: Designator=R10(J1-0603)
Add component (AddParameter): Name = "LatestRevisionDate"; Value = "29-May-2009"; VariantName = "[No Variations]"
Add component (AddParameter): Name = "LatestRevisionNote"; Value = "IPC-7351 Footprint Added."; VariantName = "[No Variations]"
Add component (AddParameter): Name = "PackageDescription"; Value = "Chip Resistor"; VariantName = "[No Variations]"
Add component (AddParameter): Name = "PackageReference"; Value = "J1-0603"; VariantName = "[No Variations]"
Add component (AddParameter): Name = "Published"; Value = "8-Jun-2000"; VariantName = "[No Variations]"
Add component (AddParameter): Name = "Publisher"; Value = "Altium Limited"; VariantName = "[No Variations]"
Add component (AddParameter): Name = "Value"; Value = "330"; VariantName = "[No Variations]"
Added Component: Designator=R11(J1-0603)
Add component (AddParameter): Name = "LatestRevisionDate"; Value = "29-May-2009"; VariantName = "[No Variations]"
Add component (AddParameter): Name = "LatestRevisionNote"; Value = "IPC-7351 Footprint Added."; VariantName = "[No Variations]"
Add component (AddParameter): Name = "PackageDescription"; Value = "Chip Resistor"; VariantName = "[No Variations]"
Add component (AddParameter): Name = "PackageReference"; Value = "J1-0603"; VariantName = "[No Variations]"
Add component (AddParameter): Name = "Published"; Value = "8-Jun-2000"; VariantName = "[No Variations]"
Add component (AddParameter): Name = "Publisher"; Value = "Altium Limited"; VariantName = "[No Variations]"
Add component (AddParameter): Name = "Value"; Value = "330"; VariantName = "[No Variations]"
Added Component: Designator=R12(J1-0603)
Add component (AddParameter): Name = "LatestRevisionDate"; Value = "29-May-2009"; VariantName = "[No Variations]"
Add component (AddParameter): Name = "LatestRevisionNote"; Value = "IPC-7351 Footprint Added."; VariantName = "[No Variations]"
Add component (AddParameter): Name = "PackageDescription"; Value = "Chip Resistor"; VariantName = "[No Variations]"
Add component (AddParameter): Name = "PackageReference"; Value = "J1-0603"; VariantName = "[No Variations]"
Add component (AddParameter): Name = "Published"; Value = "8-Jun-2000"; VariantName = "[No Variations]"
Add component (AddParameter): Name = "Publisher"; Value = "Altium Limited"; VariantName = "[No Variations]"
Add component (AddParameter): Name = "Value"; Value = "330"; VariantName = "[No Variations]"
Added Component: Designator=U1(28P3)
Add component (AddParameter): Name = "ComponentLink1Description"; Value = "Manufacturer URL"; VariantName = "[No Variations]"
Add component (AddParameter): Name = "ComponentLink1URL"; Value = "http://www.atmel.com/"; VariantName = "[No Variations]"
Add component (AddParameter): Name = "ComponentLink2Description"; Value = "ATmega48A/48PA/88A/88PA/168A/168PA/328/328P Datasheet"; VariantName = "[No Variations]"
Add component (AddParameter): Name = "ComponentLink2URL"; Value = "http://www.atmel.com/dyn/resources/prod_documents/8271.pdf"; VariantName = "[No Variations]"
Add component (AddParameter): Name = "ComponentLink3Description"; Value = "ATmega48A/48PA/88A/88PA/168A/168PA/328/328P Summary"; VariantName = "[No Variations]"
Add component (AddParameter): Name = "ComponentLink3URL"; Value = "http://www.atmel.com/dyn/resources/prod_documents/8271S.pdf"; VariantName = "[No Variations]"
Add component (AddParameter): Name = "DatasheetVersion"; Value = "revD, May-2011"; VariantName = "[No Variations]"
Add component (AddParameter): Name = "PackageDescription"; Value = "28-lead (0.300"/7.62mm Wide) Plastic Dual Inline Package (PDIP)"; VariantName = "[No Variations]"
Add component (AddParameter): Name = "PackageReference"; Value = "28P3"; VariantName = "[No Variations]"
Add component (AddParameter): Name = "PackageVersion"; Value = "revB, Sep-2001"; VariantName = "[No Variations]"
Add component (AddParameter): Name = "RevisionNote"; Value = "DatasheetVersion updated. URLs added."; VariantName = "[No Variations]"
Added Component: Designator=U2(PDIP300-P14)
Add component (AddParameter): Name = "ComponentLink1Description"; Value = "Manufacturer URL"; VariantName = "[No Variations]"
Add component (AddParameter): Name = "ComponentLink1URL"; Value = "http://www.microchip.com/"; VariantName = "[No Variations]"
Add component (AddParameter): Name = "ComponentLink2Description"; Value = "Datasheet"; VariantName = "[No Variations]"
Add component (AddParameter): Name = "ComponentLink2URL"; Value = "http://ww1.microchip.com/downloads/en/DeviceDoc/11195c.pdf"; VariantName = "[No Variations]"
Add component (AddParameter): Name = "ComponentLink3Description"; Value = "Package Specification"; VariantName = "[No Variations]"
Add component (AddParameter): Name = "ComponentLink3URL"; Value = "http://www.microchip.com/stellent/groups/techpub_sg/documents/packagingspec/en012702.pdf"; VariantName = "[No Variations]"
Add component (AddParameter): Name = "DatasheetVersion"; Value = "Jul-2003"; VariantName = "[No Variations]"
Add component (AddParameter): Name = "PackageDescription"; Value = "14-Lead Plastic Dual In-Line (P) - 300 mil Body [PDIP]"; VariantName = "[No Variations]"
Add component (AddParameter): Name = "PackageReference"; Value = "PDIP300-P14"; VariantName = "[No Variations]"
Add component (AddParameter): Name = "PackageVersion"; Value = "revBB, Aug-2009"; VariantName = "[No Variations]"
Add component (AddParameter): Name = "RevisionNote"; Value = "URLs added."; VariantName = "[No Variations]"
Added Component: Designator=U3(PDIP300-P14)
Add component (AddParameter): Name = "ComponentLink1Description"; Value = "Manufacturer URL"; VariantName = "[No Variations]"
Add component (AddParameter): Name = "ComponentLink1URL"; Value = "http://www.microchip.com/"; VariantName = "[No Variations]"
Add component (AddParameter): Name = "ComponentLink2Description"; Value = "Datasheet"; VariantName = "[No Variations]"
Add component (AddParameter): Name = "ComponentLink2URL"; Value = "http://ww1.microchip.com/downloads/en/DeviceDoc/11195c.pdf"; VariantName = "[No Variations]"
Add component (AddParameter): Name = "ComponentLink3Description"; Value = "Package Specification"; VariantName = "[No Variations]"
Add component (AddParameter): Name = "ComponentLink3URL"; Value = "http://www.microchip.com/stellent/groups/techpub_sg/documents/packagingspec/en012702.pdf"; VariantName = "[No Variations]"
Add component (AddParameter): Name = "DatasheetVersion"; Value = "Jul-2003"; VariantName = "[No Variations]"
Add component (AddParameter): Name = "PackageDescription"; Value = "14-Lead Plastic Dual In-Line (P) - 300 mil Body [PDIP]"; VariantName = "[No Variations]"
Add component (AddParameter): Name = "PackageReference"; Value = "PDIP300-P14"; VariantName = "[No Variations]"
Add component (AddParameter): Name = "PackageVersion"; Value = "revBB, Aug-2009"; VariantName = "[No Variations]"
Add component (AddParameter): Name = "RevisionNote"; Value = "URLs added."; VariantName = "[No Variations]"
Added Component: Designator=Y1(FOX-FOXSLF160-20)
Add component (AddParameter): Name = "Case\Package"; Value = "Axial"; VariantName = "[No Variations]"
Add component (AddParameter): Name = "ComponentLink1Description"; Value = "Manufacturer URL"; VariantName = "[No Variations]"
Add component (AddParameter): Name = "ComponentLink1URL"; Value = "http://www.foxonline.com/"; VariantName = "[No Variations]"
Add component (AddParameter): Name = "ComponentLink2Description"; Value = "Datasheet"; VariantName = "[No Variations]"
Add component (AddParameter): Name = "ComponentLink2URL"; Value = "http://www.foxonline.com/pdfs/hc49slf.pdf"; VariantName = "[No Variations]"
Add component (AddParameter): Name = "DatasheetVersion"; Value = "Mar-15"; VariantName = "[No Variations]"
Add component (AddParameter): Name = "Length"; Value = "0.248 inch"; VariantName = "[No Variations]"
Add component (AddParameter): Name = "Max Operating Temperature"; Value = "155 degC"; VariantName = "[No Variations]"
Add component (AddParameter): Name = "Min Operating Temperature"; Value = "-55 degC"; VariantName = "[No Variations]"
Add component (AddParameter): Name = "Mount"; Value = "Through Hole"; VariantName = "[No Variations]"
Add component (AddParameter): Name = "Package Quantity"; Value = "200"; VariantName = "[No Variations]"
Add component (AddParameter): Name = "PackageDescription"; Value = "2-Pin Through Hole Device, Body 11.35 x 4.65 mm"; VariantName = "[No Variations]"
Add component (AddParameter): Name = "PackageReference"; Value = "FOXSLF160-20"; VariantName = "[No Variations]"
Add component (AddParameter): Name = "Packaging"; Value = "Bulk"; VariantName = "[No Variations]"
Add component (AddParameter): Name = "Power Rating"; Value = "250 mW"; VariantName = "[No Variations]"
Add component (AddParameter): Name = "Resistance"; Value = "221 kohm"; VariantName = "[No Variations]"
Add component (AddParameter): Name = "RoHSCompliant"; Value = "true"; VariantName = "[No Variations]"
Add component (AddParameter): Name = "Tolerance"; Value = "1%"; VariantName = "[No Variations]"
Add component (AddParameter): Name = "Voltage Rating"; Value = "250 V"; VariantName = "[No Variations]"
Added Pin To Net: NetName=+5 Pin=C6-2
Added Pin To Net: NetName=+5 Pin=C7-2
Added Pin To Net: NetName=+5 Pin=L1-2
Added Pin To Net: NetName=+5 Pin=P3-2
Added Pin To Net: NetName=+5 Pin=P7-2
Added Pin To Net: NetName=+5 Pin=P8-2
Added Pin To Net: NetName=+5 Pin=P9-2
Added Pin To Net: NetName=+5 Pin=P10-8
Added Pin To Net: NetName=+5 Pin=R1-2
Added Pin To Net: NetName=+5 Pin=U1-7
Added Pin To Net: NetName=+5 Pin=U2-11
Added Pin To Net: NetName=+5 Pin=U2-12
Added Pin To Net: NetName=+5 Pin=U2-14
Added Pin To Net: NetName=+5 Pin=U3-11
Added Pin To Net: NetName=+5 Pin=U3-12
Added Pin To Net: NetName=+5 Pin=U3-14
Added Net: Name=+5
Added Pin To Net: NetName=CS Pin=P6-5
Added Pin To Net: NetName=CS Pin=U2-1
Added Pin To Net: NetName=CS Pin=U3-1
Added Net: Name=CS
Added Pin To Net: NetName=GND Pin=C1-1
Added Pin To Net: NetName=GND Pin=C2-1
Added Pin To Net: NetName=GND Pin=C3-1
Added Pin To Net: NetName=GND Pin=C4-1
Added Pin To Net: NetName=GND Pin=C5-1
Added Pin To Net: NetName=GND Pin=C6-1
Added Pin To Net: NetName=GND Pin=C7-1
Added Pin To Net: NetName=GND Pin=LED1-1
Added Pin To Net: NetName=GND Pin=LED2-1
Added Pin To Net: NetName=GND Pin=LED3-1
Added Pin To Net: NetName=GND Pin=LED4-1
Added Pin To Net: NetName=GND Pin=LED5-1
Added Pin To Net: NetName=GND Pin=LED6-1
Added Pin To Net: NetName=GND Pin=LED7-1
Added Pin To Net: NetName=GND Pin=P3-1
Added Pin To Net: NetName=GND Pin=P7-1
Added Pin To Net: NetName=GND Pin=Q1-3
Added Pin To Net: NetName=GND Pin=Q2-3
Added Pin To Net: NetName=GND Pin=Q3-3
Added Pin To Net: NetName=GND Pin=Q4-3
Added Pin To Net: NetName=GND Pin=Q5-3
Added Pin To Net: NetName=GND Pin=Q6-3
Added Pin To Net: NetName=GND Pin=Q7-3
Added Pin To Net: NetName=GND Pin=R2-1
Added Pin To Net: NetName=GND Pin=R3-1
Added Pin To Net: NetName=GND Pin=R4-1
Added Pin To Net: NetName=GND Pin=R5-1
Added Pin To Net: NetName=GND Pin=U1-8
Added Pin To Net: NetName=GND Pin=U1-22
Added Pin To Net: NetName=GND Pin=U2-4
Added Pin To Net: NetName=GND Pin=U3-4
Added Net: Name=GND
Added Pin To Net: NetName=MOSI Pin=P6-3
Added Pin To Net: NetName=MOSI Pin=U2-3
Added Net: Name=MOSI
Added Pin To Net: NetName=NetC1_2 Pin=C1-2
Added Pin To Net: NetName=NetC1_2 Pin=L1-1
Added Pin To Net: NetName=NetC1_2 Pin=U1-20
Added Net: Name=NetC1_2
Added Pin To Net: NetName=NetC2_2 Pin=C2-2
Added Pin To Net: NetName=NetC2_2 Pin=U1-21
Added Net: Name=NetC2_2
Added Pin To Net: NetName=NetLED1_2 Pin=LED1-2
Added Pin To Net: NetName=NetLED1_2 Pin=R6-1
Added Net: Name=NetLED1_2
Added Pin To Net: NetName=NetLED2_2 Pin=LED2-2
Added Pin To Net: NetName=NetLED2_2 Pin=R7-1
Added Net: Name=NetLED2_2
Added Pin To Net: NetName=NetLED3_2 Pin=LED3-2
Added Pin To Net: NetName=NetLED3_2 Pin=R8-1
Added Net: Name=NetLED3_2
Added Pin To Net: NetName=NetLED4_2 Pin=LED4-2
Added Pin To Net: NetName=NetLED4_2 Pin=R9-1
Added Net: Name=NetLED4_2
Added Pin To Net: NetName=NetLED5_2 Pin=LED5-2
Added Pin To Net: NetName=NetLED5_2 Pin=R10-1
Added Net: Name=NetLED5_2
Added Pin To Net: NetName=NetLED6_2 Pin=LED6-2
Added Pin To Net: NetName=NetLED6_2 Pin=R11-1
Added Net: Name=NetLED6_2
Added Pin To Net: NetName=NetLED7_2 Pin=LED7-2
Added Pin To Net: NetName=NetLED7_2 Pin=R12-1
Added Net: Name=NetLED7_2
Added Pin To Net: NetName=NetP3_3 Pin=P3-3
Added Pin To Net: NetName=NetP3_3 Pin=U1-5
Added Net: Name=NetP3_3
Added Pin To Net: NetName=NetP3_4 Pin=P3-4
Added Pin To Net: NetName=NetP3_4 Pin=U1-4
Added Net: Name=NetP3_4
Added Pin To Net: NetName=NetP3_5 Pin=P3-5
Added Pin To Net: NetName=NetP3_5 Pin=U1-2
Added Net: Name=NetP3_5
Added Pin To Net: NetName=NetP6_1 Pin=P6-1
Added Pin To Net: NetName=NetP6_1 Pin=U1-6
Added Net: Name=NetP6_1
Added Pin To Net: NetName=NetP6_2 Pin=P6-2
Added Pin To Net: NetName=NetP6_2 Pin=U1-3
Added Net: Name=NetP6_2
Added Pin To Net: NetName=NetP7_3 Pin=P7-3
Added Pin To Net: NetName=NetP7_3 Pin=U1-27
Added Net: Name=NetP7_3
Added Pin To Net: NetName=NetP7_4 Pin=P7-4
Added Pin To Net: NetName=NetP7_4 Pin=U1-28
Added Net: Name=NetP7_4
Added Pin To Net: NetName=NetP8_1 Pin=P8-1
Added Pin To Net: NetName=NetP8_1 Pin=R4-2
Added Pin To Net: NetName=NetP8_1 Pin=U1-23
Added Net: Name=NetP8_1
Added Pin To Net: NetName=NetP9_1 Pin=P9-1
Added Pin To Net: NetName=NetP9_1 Pin=R5-2
Added Pin To Net: NetName=NetP9_1 Pin=U1-24
Added Net: Name=NetP9_1
Added Pin To Net: NetName=NetQ1_2 Pin=Q1-2
Added Pin To Net: NetName=NetQ1_2 Pin=R6-2
Added Pin To Net: NetName=NetQ1_2 Pin=U1-12
Added Net: Name=NetQ1_2
Added Pin To Net: NetName=NetQ2_2 Pin=Q2-2
Added Pin To Net: NetName=NetQ2_2 Pin=R7-2
Added Pin To Net: NetName=NetQ2_2 Pin=U1-15
Added Net: Name=NetQ2_2
Added Pin To Net: NetName=NetQ3_2 Pin=Q3-2
Added Pin To Net: NetName=NetQ3_2 Pin=R8-2
Added Pin To Net: NetName=NetQ3_2 Pin=U1-13
Added Net: Name=NetQ3_2
Added Pin To Net: NetName=NetQ4_2 Pin=Q4-2
Added Pin To Net: NetName=NetQ4_2 Pin=R9-2
Added Pin To Net: NetName=NetQ4_2 Pin=U1-16
Added Net: Name=NetQ4_2
Added Pin To Net: NetName=NetQ5_2 Pin=Q5-2
Added Pin To Net: NetName=NetQ5_2 Pin=R10-2
Added Pin To Net: NetName=NetQ5_2 Pin=U1-11
Added Net: Name=NetQ5_2
Added Pin To Net: NetName=NetQ6_2 Pin=Q6-2
Added Pin To Net: NetName=NetQ6_2 Pin=R11-2
Added Pin To Net: NetName=NetQ6_2 Pin=U1-14
Added Net: Name=NetQ6_2
Added Pin To Net: NetName=NetQ7_2 Pin=Q7-2
Added Pin To Net: NetName=NetQ7_2 Pin=R12-2
Added Pin To Net: NetName=NetQ7_2 Pin=U1-17
Added Net: Name=NetQ7_2
Added Pin To Net: NetName=PA0 Pin=P1-1
Added Pin To Net: NetName=PA0 Pin=U2-8
Added Net: Name=PA0
Added Pin To Net: NetName=PA1 Pin=P2-1
Added Pin To Net: NetName=PA1 Pin=U2-7
Added Net: Name=PA1
Added Pin To Net: NetName=PA2 Pin=P4-1
Added Pin To Net: NetName=PA2 Pin=U3-8
Added Net: Name=PA2
Added Pin To Net: NetName=PA3 Pin=P5-1
Added Pin To Net: NetName=PA3 Pin=U3-7
Added Net: Name=PA3
Added Pin To Net: NetName=PB0 Pin=P1-3
Added Pin To Net: NetName=PB0 Pin=U2-10
Added Net: Name=PB0
Added Pin To Net: NetName=PB1 Pin=P2-3
Added Pin To Net: NetName=PB1 Pin=U2-5
Added Net: Name=PB1
Added Pin To Net: NetName=PB2 Pin=P4-3
Added Pin To Net: NetName=PB2 Pin=U3-10
Added Net: Name=PB2
Added Pin To Net: NetName=PB3 Pin=P5-3
Added Pin To Net: NetName=PB3 Pin=U3-5
Added Net: Name=PB3
Added Pin To Net: NetName=PW0 Pin=P1-2
Added Pin To Net: NetName=PW0 Pin=U2-9
Added Net: Name=PW0
Added Pin To Net: NetName=PW1 Pin=P2-2
Added Pin To Net: NetName=PW1 Pin=U2-6
Added Net: Name=PW1
Added Pin To Net: NetName=PW2 Pin=P4-2
Added Pin To Net: NetName=PW2 Pin=U3-9
Added Net: Name=PW2
Added Pin To Net: NetName=PW3 Pin=P5-2
Added Pin To Net: NetName=PW3 Pin=U3-6
Added Net: Name=PW3
Added Pin To Net: NetName=RES Pin=C5-2
Added Pin To Net: NetName=RES Pin=R1-1
Added Pin To Net: NetName=RES Pin=U1-1
Added Net: Name=RES
Added Pin To Net: NetName=SCK Pin=P6-4
Added Pin To Net: NetName=SCK Pin=U2-2
Added Pin To Net: NetName=SCK Pin=U3-2
Added Net: Name=SCK
Added Pin To Net: NetName=SO Pin=U2-13
Added Pin To Net: NetName=SO Pin=U3-3
Added Net: Name=SO
Added Pin To Net: NetName=SW1 Pin=P10-7
Added Pin To Net: NetName=SW1 Pin=Q5-1
Added Net: Name=SW1
Added Pin To Net: NetName=SW2 Pin=P10-6
Added Pin To Net: NetName=SW2 Pin=Q1-1
Added Net: Name=SW2
Added Pin To Net: NetName=SW3 Pin=P10-5
Added Pin To Net: NetName=SW3 Pin=Q3-1
Added Net: Name=SW3
Added Pin To Net: NetName=SW4 Pin=P10-4
Added Pin To Net: NetName=SW4 Pin=Q6-1
Added Net: Name=SW4
Added Pin To Net: NetName=SW5 Pin=P10-3
Added Pin To Net: NetName=SW5 Pin=Q2-1
Added Net: Name=SW5
Added Pin To Net: NetName=SW6 Pin=P10-2
Added Pin To Net: NetName=SW6 Pin=Q4-1
Added Net: Name=SW6
Added Pin To Net: NetName=SW7 Pin=P10-1
Added Pin To Net: NetName=SW7 Pin=Q7-1
Added Net: Name=SW7
Added Pin To Net: NetName=T_pan Pin=P6-7
Added Pin To Net: NetName=T_pan Pin=R3-2
Added Pin To Net: NetName=T_pan Pin=U1-26
Added Net: Name=T_pan
Added Pin To Net: NetName=T_ui Pin=P6-6
Added Pin To Net: NetName=T_ui Pin=R2-2
Added Pin To Net: NetName=T_ui Pin=U1-25
Added Net: Name=T_ui
Added Pin To Net: NetName=XTAL1 Pin=C4-2
Added Pin To Net: NetName=XTAL1 Pin=U1-9
Added Pin To Net: NetName=XTAL1 Pin=Y1-1
Added Net: Name=XTAL1
Added Pin To Net: NetName=XTAL2 Pin=C3-2
Added Pin To Net: NetName=XTAL2 Pin=U1-10
Added Pin To Net: NetName=XTAL2 Pin=Y1-2
Added Net: Name=XTAL2
Added Class: Name=U_pwr_IO
Added Class: Name=U_relay_driver
Added Class: Name=U_uC_pwr
Added Room: Name=U_pwr_IO
Added Room: Name=U_relay_driver
Added Room: Name=U_uC_pwr
